<?xml version="1.0" encoding="UTF-8"?>
<!-- Generated by org.testng.reporters.JUnitReportReporter -->
<testsuite skipped="0" hostname="NB174-AT" name="testNg.TestNG2" tests="2" failures="0" timestamp="2023-01-28T12:56:36 CET" time="0.005" errors="0">
  <testcase name="show" time="0.004" classname="testNg.TestNG2"/>
  <system-out/>
  <testcase name="test2" time="0.001" classname="testNg.TestNG2"/>
  <system-out/>
</testsuite> <!-- testNg.TestNG2 -->
