<?xml version="1.0" encoding="UTF-8"?>
<!-- Generated by org.testng.reporters.JUnitReportReporter -->
<testsuite skipped="0" hostname="NB174-AT" name="common.NewTest" tests="1" failures="0" timestamp="2023-01-22T08:00:19 CET" time="0.006" errors="0">
  <testcase name="email" time="0.006" classname="common.NewTest"/>
  <system-out/>
</testsuite> <!-- common.NewTest -->
