<?xml version="1.0" encoding="UTF-8"?>
<!-- Generated by org.testng.reporters.JUnitReportReporter -->
<testsuite skipped="0" hostname="NB174-AT" name="testNg.TestNG1" tests="1" failures="0" timestamp="2023-01-28T12:56:08 CET" time="0.004" errors="0">
  <testcase name="show" time="0.004" classname="testNg.TestNG1"/>
  <system-out/>
</testsuite> <!-- testNg.TestNG1 -->
